<?xml version="1.0" encoding="UTF-8"?>
<!-- Generated by org.testng.reporters.JUnitXMLReporter -->
<testsuite ignored="0" hostname="Lenovo-B4GY4R1" failures="0" tests="6" name="Default test" time="0.254" errors="0" timestamp="2025-01-28T19:53:47 EST">
  <testcase classname="selenium.Tesing1" name="f" time="0.015"/>
  <testcase classname="selenium.Tesing1" name="f" time="0.003"/>
  <testcase classname="selenium.Tesing1" name="f" time="0.024"/>
  <testcase classname="selenium.Tesing1" name="test1" time="0.008"/>
  <testcase classname="selenium.Tesing1" name="test2" time="0.009"/>
  <testcase classname="selenium.Tesing1" name="test3" time="0.016"/>
</testsuite> <!-- Default test -->
